<?xml version="1.0" encoding="UTF-8"?>
<!-- Generated by org.testng.reporters.JUnitReportReporter -->
<testsuite skipped="0" hostname="LAPTOP-JV32U9IB" name="TestngPack.Class3" tests="1" failures="0" timestamp="2022-08-25T15:30:48 IST" time="12.311" errors="0">
  <testcase name="launchGoogle1" time="12.311" classname="TestngPack.Class3"/>
  <system-out/>
</testsuite> <!-- TestngPack.Class3 -->
