<?xml version="1.0" encoding="UTF-8"?>
<!-- Generated by org.testng.reporters.JUnitReportReporter -->
<testsuite skipped="0" hostname="LAPTOP-JV32U9IB" name="TestngPack.Flag1" tests="2" failures="0" timestamp="2022-08-22T22:02:13 IST" time="0.002" errors="0">
  <testcase name="validActiTimeTest" time="0.001" classname="TestngPack.Flag1"/>
  <system-out>
    <![CDATA[valid login is performed]]>
  </system-out>
  <testcase name="invalidActiTimeTest" time="0.001" classname="TestngPack.Flag1"/>
  <system-out>
    <![CDATA[valid login is performed]]>
  </system-out>
</testsuite> <!-- TestngPack.Flag1 -->
