<?xml version="1.0" encoding="UTF-8"?>
<!-- Generated by org.testng.reporters.JUnitReportReporter -->
<testsuite skipped="0" hostname="LAPTOP-JV32U9IB" name="TestngPack.Class1" tests="1" failures="0" timestamp="2022-08-25T15:30:48 IST" time="11.995" errors="0">
  <testcase name="launchGoogle1" time="11.995" classname="TestngPack.Class1"/>
  <system-out/>
</testsuite> <!-- TestngPack.Class1 -->
