<?xml version="1.0" encoding="UTF-8"?>
<!-- Generated by org.testng.reporters.JUnitReportReporter -->
<testsuite skipped="0" hostname="LAPTOP-JV32U9IB" name="TestngPack.AnnotationsIntestNg" tests="2" failures="0" timestamp="2022-08-24T17:42:39 IST" time="0.006" errors="0">
  <testcase name="f1" time="0.001" classname="TestngPack.AnnotationsIntestNg"/>
  <system-out>
    <![CDATA[test case 2 execution ]]>
  </system-out>
  <testcase name="f" time="0.005" classname="TestngPack.AnnotationsIntestNg"/>
  <system-out>
    <![CDATA[test case 1 execution ]]>
  </system-out>
</testsuite> <!-- TestngPack.AnnotationsIntestNg -->
