<?xml version="1.0" encoding="UTF-8"?>
<!-- Generated by org.testng.reporters.JUnitReportReporter -->
<testsuite skipped="1" hostname="LAPTOP-JV32U9IB" name="TestngPack.Flag2" tests="3" failures="0" timestamp="2022-08-22T22:02:13 IST" time="0.005" errors="0">
  <testcase name="method3" time="0.001" classname="TestngPack.Flag2"/>
  <system-out>
    <![CDATA[ActiTime Create reports ]]>
  </system-out>
  <testcase name="method2" time="0.004" classname="TestngPack.Flag2"/>
  <system-out>
    <![CDATA[ActiTime Create User ]]>
  </system-out>
  <testcase name="method1" classname="TestngPack.Flag2">
    <skipped/>
  </testcase> <!-- method1 -->
  <system-out/>
</testsuite> <!-- TestngPack.Flag2 -->
