<?xml version="1.0" encoding="UTF-8"?>
<!-- Generated by org.testng.reporters.JUnitReportReporter -->
<testsuite skipped="0" hostname="LAPTOP-JV32U9IB" name="TestngPack.Demo" tests="1" failures="0" timestamp="2022-08-22T22:02:13 IST" time="0.001" errors="0">
  <testcase name="f" time="0.001" classname="TestngPack.Demo"/>
  <system-out>
    <![CDATA[Hii]]>
  </system-out>
</testsuite> <!-- TestngPack.Demo -->
