<?xml version="1.0" encoding="UTF-8"?>
<!-- Generated by org.testng.reporters.JUnitReportReporter -->
<testsuite skipped="0" hostname="LAPTOP-JV32U9IB" name="TestngPack.Sumo" tests="1" failures="0" timestamp="2022-08-22T22:02:13 IST" time="0.012" errors="0">
  <testcase name="f" time="0.012" classname="TestngPack.Sumo"/>
  <system-out/>
</testsuite> <!-- TestngPack.Sumo -->
