<?xml version="1.0" encoding="UTF-8"?>
<!-- Generated by org.testng.reporters.JUnitReportReporter -->
<testsuite skipped="0" hostname="LAPTOP-JV32U9IB" name="TestngPack.ActiTimeTest" tests="3" failures="0" timestamp="2022-08-23T21:20:44 IST" time="0.014" errors="0">
  <testcase name="loginActiTime" time="0.011" classname="TestngPack.ActiTimeTest"/>
  <system-out>
    <![CDATA[Login ActiTime]]>
  </system-out>
  <testcase name="createUserActiTime" time="0.002" classname="TestngPack.ActiTimeTest"/>
  <system-out>
    <![CDATA[Create User ]]>
  </system-out>
  <testcase name="logoutActiTime" time="0.001" classname="TestngPack.ActiTimeTest"/>
  <system-out>
    <![CDATA[logout Actitime ]]>
  </system-out>
</testsuite> <!-- TestngPack.ActiTimeTest -->
